TN:
SF:src/modules/appointments/services/CreateAppointmentServices.ts
FN:13,(anonymous_18)
FN:14,CreateAppointmentServices
FN:19,(anonymous_20)
FNF:3
FNH:3
FNDA:1,(anonymous_18)
FNDA:2,CreateAppointmentServices
FNDA:3,(anonymous_20)
DA:1,1
DA:2,1
DA:4,1
DA:13,1
DA:16,2
DA:19,3
DA:20,3
DA:22,3
DA:27,3
DA:28,1
DA:31,2
DA:36,2
DA:38,1
DA:40,1
LF:14
LH:14
BRDA:27,0,0,1
BRDA:27,0,1,2
BRF:2
BRH:2
end_of_record
TN:
SF:src/modules/users/services/AuthenticateUserService.ts
FN:23,(anonymous_18)
FN:24,AuthenticateUserService
FN:32,(anonymous_20)
FNF:3
FNH:3
FNDA:1,(anonymous_18)
FNDA:1,AuthenticateUserService
FNDA:1,(anonymous_20)
DA:1,1
DA:3,1
DA:4,1
DA:7,1
DA:23,1
DA:26,1
DA:29,1
DA:32,1
DA:33,1
DA:35,1
DA:36,0
DA:39,1
DA:44,1
DA:45,0
DA:48,1
DA:50,1
DA:55,1
DA:60,1
DA:62,1
LF:19
LH:17
BRDA:33,0,0,1
BRDA:35,1,0,0
BRDA:35,1,1,1
BRDA:44,2,0,0
BRDA:44,2,1,1
BRF:5
BRH:3
end_of_record
TN:
SF:src/modules/users/services/CreateUserServices.ts
FN:15,(anonymous_18)
FN:16,CreateUserServices
FN:24,(anonymous_20)
FNF:3
FNH:3
FNDA:2,(anonymous_18)
FNDA:3,CreateUserServices
FNDA:4,(anonymous_20)
DA:1,2
DA:4,2
DA:15,2
DA:18,3
DA:21,3
DA:24,4
DA:25,4
DA:27,4
DA:28,1
DA:31,3
DA:33,3
DA:39,3
DA:41,2
DA:43,2
LF:14
LH:14
BRDA:25,0,0,4
BRDA:27,1,0,1
BRDA:27,1,1,3
BRF:3
BRH:3
end_of_record
TN:
SF:src/modules/users/services/UpdateUserAvatarServices.ts
FN:16,(anonymous_18)
FN:17,UpdateUserAvatarService
FN:22,(anonymous_20)
FNF:3
FNH:0
FNDA:0,(anonymous_18)
FNDA:0,UpdateUserAvatarService
FNDA:0,(anonymous_20)
DA:1,0
DA:2,0
DA:3,0
DA:4,0
DA:6,0
DA:16,0
DA:19,0
DA:22,0
DA:23,0
DA:25,0
DA:26,0
DA:29,0
DA:30,0
DA:31,0
DA:33,0
DA:34,0
DA:38,0
DA:40,0
DA:42,0
DA:44,0
DA:46,0
LF:21
LH:0
BRDA:23,0,0,0
BRDA:25,1,0,0
BRDA:25,1,1,0
BRDA:29,2,0,0
BRDA:29,2,1,0
BRDA:33,3,0,0
BRDA:33,3,1,0
BRF:7
BRH:0
end_of_record
