TN:
SF:src/modules/appointments/services/CreateAppointmentServices.ts
FN:13,(anonymous_18)
FN:14,CreateAppointmentServices
FN:19,(anonymous_20)
FNF:3
FNH:3
FNDA:1,(anonymous_18)
FNDA:2,CreateAppointmentServices
FNDA:3,(anonymous_20)
DA:1,1
DA:2,1
DA:4,1
DA:13,1
DA:16,2
DA:19,3
DA:20,3
DA:22,3
DA:27,3
DA:28,1
DA:31,2
DA:36,2
DA:38,1
DA:40,1
LF:14
LH:14
BRDA:27,0,0,1
BRDA:27,0,1,2
BRF:2
BRH:2
end_of_record
TN:
SF:src/modules/users/services/AuthenticateUserService.ts
FN:23,(anonymous_18)
FN:24,AuthenticateUserService
FN:29,(anonymous_20)
FNF:3
FNH:0
FNDA:0,(anonymous_18)
FNDA:0,AuthenticateUserService
FNDA:0,(anonymous_20)
DA:1,0
DA:2,0
DA:4,0
DA:5,0
DA:8,0
DA:23,0
DA:26,0
DA:29,0
DA:30,0
DA:32,0
DA:33,0
DA:36,0
DA:38,0
DA:39,0
DA:42,0
DA:44,0
DA:49,0
DA:54,0
DA:56,0
LF:19
LH:0
BRDA:30,0,0,0
BRDA:32,1,0,0
BRDA:32,1,1,0
BRDA:38,2,0,0
BRDA:38,2,1,0
BRF:5
BRH:0
end_of_record
TN:
SF:src/modules/users/services/CreateUserServices.ts
FN:15,(anonymous_18)
FN:16,CreateUserServices
FN:21,(anonymous_20)
FNF:3
FNH:0
FNDA:0,(anonymous_18)
FNDA:0,CreateUserServices
FNDA:0,(anonymous_20)
DA:1,0
DA:2,0
DA:5,0
DA:15,0
DA:18,0
DA:21,0
DA:22,0
DA:24,0
DA:25,0
DA:28,0
DA:30,0
DA:36,0
DA:38,0
DA:40,0
LF:14
LH:0
BRDA:22,0,0,0
BRDA:24,1,0,0
BRDA:24,1,1,0
BRF:3
BRH:0
end_of_record
TN:
SF:src/modules/users/services/UpdateUserAvatarServices.ts
FN:16,(anonymous_18)
FN:17,UpdateUserAvatarService
FN:22,(anonymous_20)
FNF:3
FNH:0
FNDA:0,(anonymous_18)
FNDA:0,UpdateUserAvatarService
FNDA:0,(anonymous_20)
DA:1,0
DA:2,0
DA:3,0
DA:4,0
DA:6,0
DA:16,0
DA:19,0
DA:22,0
DA:23,0
DA:25,0
DA:26,0
DA:29,0
DA:30,0
DA:31,0
DA:33,0
DA:34,0
DA:38,0
DA:40,0
DA:42,0
DA:44,0
DA:46,0
LF:21
LH:0
BRDA:23,0,0,0
BRDA:25,1,0,0
BRDA:25,1,1,0
BRDA:29,2,0,0
BRDA:29,2,1,0
BRDA:33,3,0,0
BRDA:33,3,1,0
BRF:7
BRH:0
end_of_record
